GroupB/13-2-SQLDemo21/app/build/intermediates/manifest_merge_blame_file/debug/manifest-merger-blame-debug-report.txt
1<?xml version="1.0" encoding="utf-8"?>
2<manifest xmlns:android="http://schemas.android.com/apk/res/android"
3    package="cis470.matos.databases"
4    android:versionCode="1"
5    android:versionName="1.0" >
6
7    <uses-sdk
8        android:minSdkVersion="29"
8-->src\main\AndroidManifest.xml
9        android:targetSdkVersion="29" />
9-->src\main\AndroidManifest.xml
10
11    <uses-permission android:name="android.permission.WRITE_EXTERNAL_STORAGE" />
11-->src\main\AndroidManifest.xml:23:5-81
11-->src\main\AndroidManifest.xml:23:22-78
12    <uses-permission android:name="android.permission.READ_EXTERNAL_STORAGE" />
12-->src\main\AndroidManifest.xml:24:5-80
12-->src\main\AndroidManifest.xml:24:22-77
13
14    <application
14-->src\main\AndroidManifest.xml:8:5-21:19
15        android:debuggable="true"
16        android:icon="@drawable/ic_launcher"
16-->src\main\AndroidManifest.xml:9:9-45
17        android:label="@string/app_name"
17-->src\main\AndroidManifest.xml:10:9-41
18        android:theme="@android:style/Theme.Holo.Light.DarkActionBar" >
18-->src\main\AndroidManifest.xml:11:9-70
19        <activity
19-->src\main\AndroidManifest.xml:12:9-20:20
20            android:name="cis470.matos.databases.SQLDemo2"
20-->src\main\AndroidManifest.xml:13:13-59
21            android:label="@string/app_name" >
21-->src\main\AndroidManifest.xml:14:13-45
22            <intent-filter>
22-->src\main\AndroidManifest.xml:15:13-19:29
23                <action android:name="android.intent.action.MAIN" />
23-->src\main\AndroidManifest.xml:16:17-69
23-->src\main\AndroidManifest.xml:16:25-66
24
25                <category android:name="android.intent.category.LAUNCHER" />
25-->src\main\AndroidManifest.xml:18:17-77
25-->src\main\AndroidManifest.xml:18:27-74
26            </intent-filter>
27        </activity>
28    </application>
29
30</manifest>